Index IDX_SERIALS created.


SERIAL_NAME                    COUNTRY_NAME                   GENRE_NAME                     ANNOTATION                                                                      
------------------------------ ------------------------------ ------------------------------ --------------------------------------------------------------------------------
Игра Престолов                 США                            Фэнтези                        \r\nК концу подходит время благоденствия, и лето, длившееся почти десятилетие, у
Мажор                          Россия                         Криминал                       Таких, как наш главный герой Игорь Соколовский, то есть детей высокопоставленных
Острые козырьки                Великобритания                 Драма                          Британский сериал о криминальном мире Бирмингема 20-х годов прошлого века, в кот
Физрук                         Россия                         Комедия                        Это история о столкновении двух времен: «лихих» 90-х и «стабильных» десятых. Гла
Шерлок                         Великобритания                 Детектив                       События разворачиваются в наши дни. Он прошел Афганистан, остался инвалидом. По 

Explain Plan
-----------------------------------------------------------

PLAN_TABLE_OUTPUT                                                                                                                                                                                                                                                                                                                                                                                                                                                                                                                                                                                                                                                                                                                                                                                                                                                                                                                                                                                                                                    
-----------------------------------------------------------------------------------------------------------------------------------------------------------------------------------------------------------------------------------------------------------------------------------------------------------------------------------------------------------------------------------------------------------------------------------------------------------------------------------------------------------------------------------------------------------------------------------------------------------------------------------------------------------------------------------------------------------------------------------------------------------------------------------------------------------------------------------------------------------------------------------------------------------------------------------------------------------------------------------------------------------------------------------------------------
Plan hash value: 4170067270
 
-------------------------------------------------------------------------------------
| Id  | Operation            | Name         | Rows  | Bytes | Cost (%CPU)| Time     |
-------------------------------------------------------------------------------------
|   0 | SELECT STATEMENT     |              |     5 |   320 |     7  (15)| 00:00:01 |
|   1 |  SORT ORDER BY       |              |     5 |   320 |     7  (15)| 00:00:01 |
|*  2 |   HASH JOIN          |              |     5 |   320 |     6   (0)| 00:00:01 |
|*  3 |    HASH JOIN         |              |     5 |   230 |     4   (0)| 00:00:01 |
|   4 |     TABLE ACCESS FULL| COUNTRIES    |     3 |    57 |     2   (0)| 00:00:01 |
|*  5 |     TABLE ACCESS FULL| SERIALS_LIST |     5 |   135 |     2   (0)| 00:00:01 |

PLAN_TABLE_OUTPUT                                                                                                                                                                                                                                                                                                                                                                                                                                                                                                                                                                                                                                                                                                                                                                                                                                                                                                                                                                                                                                    
-----------------------------------------------------------------------------------------------------------------------------------------------------------------------------------------------------------------------------------------------------------------------------------------------------------------------------------------------------------------------------------------------------------------------------------------------------------------------------------------------------------------------------------------------------------------------------------------------------------------------------------------------------------------------------------------------------------------------------------------------------------------------------------------------------------------------------------------------------------------------------------------------------------------------------------------------------------------------------------------------------------------------------------------------------
|   6 |    TABLE ACCESS FULL | GENRES       |     5 |    90 |     2   (0)| 00:00:01 |
-------------------------------------------------------------------------------------
 
Predicate Information (identified by operation id):
---------------------------------------------------
 
   2 - access("SERIALS_LIST"."GENRE_ID"="GENRES"."GENRE_ID")
   3 - access("COUNTRIES"."COUNTRY_ID"="SERIALS_LIST"."COUNTRY_ID")
   5 - filter("SERIALS_LIST"."SERIAL_NAME"<>U'\041A\0443\0445\043D\044F')

