Explain Plan
-----------------------------------------------------------

PLAN_TABLE_OUTPUT                                                                                                                                                                                                                                                                                                                                                                                                                                                                                                                                                                                                                                                                                                                                                                                                                                                                                                                                                                                                                                    
-----------------------------------------------------------------------------------------------------------------------------------------------------------------------------------------------------------------------------------------------------------------------------------------------------------------------------------------------------------------------------------------------------------------------------------------------------------------------------------------------------------------------------------------------------------------------------------------------------------------------------------------------------------------------------------------------------------------------------------------------------------------------------------------------------------------------------------------------------------------------------------------------------------------------------------------------------------------------------------------------------------------------------------------------------
Plan hash value: 4170067270
 
-------------------------------------------------------------------------------------
| Id  | Operation            | Name         | Rows  | Bytes | Cost (%CPU)| Time     |
-------------------------------------------------------------------------------------
|   0 | SELECT STATEMENT     |              |     5 |   320 |     7  (15)| 00:00:01 |
|   1 |  SORT ORDER BY       |              |     5 |   320 |     7  (15)| 00:00:01 |
|*  2 |   HASH JOIN          |              |     5 |   320 |     6   (0)| 00:00:01 |
|*  3 |    HASH JOIN         |              |     5 |   230 |     4   (0)| 00:00:01 |
|   4 |     TABLE ACCESS FULL| COUNTRIES    |     3 |    57 |     2   (0)| 00:00:01 |
|*  5 |     TABLE ACCESS FULL| SERIALS_LIST |     5 |   135 |     2   (0)| 00:00:01 |

PLAN_TABLE_OUTPUT                                                                                                                                                                                                                                                                                                                                                                                                                                                                                                                                                                                                                                                                                                                                                                                                                                                                                                                                                                                                                                    
-----------------------------------------------------------------------------------------------------------------------------------------------------------------------------------------------------------------------------------------------------------------------------------------------------------------------------------------------------------------------------------------------------------------------------------------------------------------------------------------------------------------------------------------------------------------------------------------------------------------------------------------------------------------------------------------------------------------------------------------------------------------------------------------------------------------------------------------------------------------------------------------------------------------------------------------------------------------------------------------------------------------------------------------------------
|   6 |    TABLE ACCESS FULL | GENRES       |     5 |    90 |     2   (0)| 00:00:01 |
-------------------------------------------------------------------------------------
 
Predicate Information (identified by operation id):
---------------------------------------------------
 
   2 - access("SERIALS_LIST"."GENRE_ID"="GENRES"."GENRE_ID")
   3 - access("COUNTRIES"."COUNTRY_ID"="SERIALS_LIST"."COUNTRY_ID")
   5 - filter("SERIALS_LIST"."SERIAL_NAME"<>U'\041A\0443\0445\043D\044F')

